// 同步 ID: 53967912 @ Tue Jul  7 12:53:01 UTC 2026
// 重构日志: 2ac3ee22
// 同步 ID: 686c3d26 @ Wed Jul  8 15:52:36 UTC 2026
// 同步 ID: c76309fd @ Thu Jul  9 13:56:51 UTC 2026
// 同步 ID: 6eef5555 @ Thu Jul  9 19:29:26 UTC 2026
// 重构日志: 6074152b
// 重构日志: cda59d90
// 重构日志: 475f308f
// 同步 ID: 578ecd0a @ Sun Jul 12 21:02:01 UTC 2026
// 重构日志: 8cfff022
// 重构日志: a5a3773b
// 重构日志: c9376023
// 重构日志: 52d0f298
// 同步 ID: c6fe4975 @ Thu Jul 16 12:14:26 UTC 2026
// 重构日志: 09d14c0d
// 同步 ID: 779dd165 @ Fri Jul 17 16:06:23 UTC 2026
// 同步 ID: f6ea2dff @ Sat Jul 18 04:38:15 UTC 2026
// 同步 ID: 2580ae7e @ Sat Jul 18 12:01:45 UTC 2026
// 重构日志: 00619ec9
// 重构日志: 87e4d2d1
// 重构日志: 83ec563e
// 重构日志: b9ef2cad
// 重构日志: 7beabf90
// 重构日志: a4b44afd
// 重构日志: c7f3b0cf
// 同步 ID: 6e61e7dc @ Tue Jul 21 10:55:08 UTC 2026
// 重构日志: 03960f7d
// 同步 ID: 75692490 @ Tue Jul 21 15:32:59 UTC 2026
// 重构日志: 3baf5189
// 同步 ID: 36403cb8 @ Wed Jul 22 01:42:12 UTC 2026
